2016-11-29 15:07:51.692  INFO 20124 --- [main] c.c.r.service.EmployeeRestApplication    : Starting EmployeeRestApplication on Prashants-iMac.local with PID 20124 (/Users/Anisha/git/rest/EmployeeRest/bin started by Anisha in /Users/Anisha/git/rest/EmployeeRest)
2016-11-29 15:07:51.695  INFO 20124 --- [main] c.c.r.service.EmployeeRestApplication    : No active profile set, falling back to default profiles: default
2016-11-29 15:07:51.779  INFO 20124 --- [main] ationConfigEmbeddedWebApplicationContext : Refreshing org.springframework.boot.context.embedded.AnnotationConfigEmbeddedWebApplicationContext@3c9754d8: startup date [Tue Nov 29 15:07:51 CST 2016]; root of context hierarchy
2016-11-29 15:07:52.554  INFO 20124 --- [main] f.a.AutowiredAnnotationBeanPostProcessor : JSR-330 'javax.inject.Inject' annotation found and supported for autowiring
2016-11-29 15:07:53.040  INFO 20124 --- [main] s.b.c.e.t.TomcatEmbeddedServletContainer : Tomcat initialized with port(s): 8080 (http)
2016-11-29 15:07:53.053  INFO 20124 --- [main] o.apache.catalina.core.StandardService   : Starting service Tomcat
2016-11-29 15:07:53.053  INFO 20124 --- [main] org.apache.catalina.core.StandardEngine  : Starting Servlet Engine: Apache Tomcat/8.5.6
2016-11-29 15:07:53.314  INFO 20124 --- [localhost-startStop-1] org.apache.jasper.servlet.TldScanner     : At least one JAR was scanned for TLDs yet contained no TLDs. Enable debug logging for this logger for a complete list of JARs that were scanned but no TLDs were found in them. Skipping unneeded JARs during scanning can improve startup time and JSP compilation time.
2016-11-29 15:07:53.323  INFO 20124 --- [localhost-startStop-1] o.a.c.c.C.[Tomcat].[localhost].[/]       : Initializing Spring embedded WebApplicationContext
2016-11-29 15:07:53.323  INFO 20124 --- [localhost-startStop-1] o.s.web.context.ContextLoader            : Root WebApplicationContext: initialization completed in 1546 ms
2016-11-29 15:07:53.478  INFO 20124 --- [localhost-startStop-1] o.s.b.w.servlet.ServletRegistrationBean  : Mapping servlet: 'dispatcherServlet' to [/]
2016-11-29 15:07:53.482  INFO 20124 --- [localhost-startStop-1] o.s.b.w.servlet.FilterRegistrationBean   : Mapping filter: 'characterEncodingFilter' to: [/*]
2016-11-29 15:07:53.482  INFO 20124 --- [localhost-startStop-1] o.s.b.w.servlet.FilterRegistrationBean   : Mapping filter: 'hiddenHttpMethodFilter' to: [/*]
2016-11-29 15:07:53.483  INFO 20124 --- [localhost-startStop-1] o.s.b.w.servlet.FilterRegistrationBean   : Mapping filter: 'httpPutFormContentFilter' to: [/*]
2016-11-29 15:07:53.483  INFO 20124 --- [localhost-startStop-1] o.s.b.w.servlet.FilterRegistrationBean   : Mapping filter: 'requestContextFilter' to: [/*]
2016-11-29 15:07:53.782  INFO 20124 --- [main] s.w.s.m.m.a.RequestMappingHandlerAdapter : Looking for @ControllerAdvice: org.springframework.boot.context.embedded.AnnotationConfigEmbeddedWebApplicationContext@3c9754d8: startup date [Tue Nov 29 15:07:51 CST 2016]; root of context hierarchy
2016-11-29 15:07:53.856  INFO 20124 --- [main] s.w.s.m.m.a.RequestMappingHandlerMapping : Mapped "{[/error]}" onto public org.springframework.http.ResponseEntity<java.util.Map<java.lang.String, java.lang.Object>> org.springframework.boot.autoconfigure.web.BasicErrorController.error(javax.servlet.http.HttpServletRequest)
2016-11-29 15:07:53.857  INFO 20124 --- [main] s.w.s.m.m.a.RequestMappingHandlerMapping : Mapped "{[/error],produces=[text/html]}" onto public org.springframework.web.servlet.ModelAndView org.springframework.boot.autoconfigure.web.BasicErrorController.errorHtml(javax.servlet.http.HttpServletRequest,javax.servlet.http.HttpServletResponse)
2016-11-29 15:07:53.881  INFO 20124 --- [main] o.s.w.s.handler.SimpleUrlHandlerMapping  : Mapped URL path [/webjars/**] onto handler of type [class org.springframework.web.servlet.resource.ResourceHttpRequestHandler]
2016-11-29 15:07:53.881  INFO 20124 --- [main] o.s.w.s.handler.SimpleUrlHandlerMapping  : Mapped URL path [/**] onto handler of type [class org.springframework.web.servlet.resource.ResourceHttpRequestHandler]
2016-11-29 15:07:53.911  INFO 20124 --- [main] o.s.w.s.handler.SimpleUrlHandlerMapping  : Mapped URL path [/**/favicon.ico] onto handler of type [class org.springframework.web.servlet.resource.ResourceHttpRequestHandler]
2016-11-29 15:07:54.055  INFO 20124 --- [main] o.s.j.e.a.AnnotationMBeanExporter        : Registering beans for JMX exposure on startup
2016-11-29 15:07:54.104 ERROR 20124 --- [main] o.a.coyote.http11.Http11NioProtocol      : Failed to start end point associated with ProtocolHandler [http-nio-8080]

java.net.BindException: Address already in use
	at sun.nio.ch.Net.bind0(Native Method) ~[na:1.8.0_112]
	at sun.nio.ch.Net.bind(Net.java:433) ~[na:1.8.0_112]
	at sun.nio.ch.Net.bind(Net.java:425) ~[na:1.8.0_112]
	at sun.nio.ch.ServerSocketChannelImpl.bind(ServerSocketChannelImpl.java:223) ~[na:1.8.0_112]
	at sun.nio.ch.ServerSocketAdaptor.bind(ServerSocketAdaptor.java:74) ~[na:1.8.0_112]
	at org.apache.tomcat.util.net.NioEndpoint.bind(NioEndpoint.java:228) ~[tomcat-embed-core-8.5.6.jar:8.5.6]
	at org.apache.tomcat.util.net.AbstractEndpoint.start(AbstractEndpoint.java:874) ~[tomcat-embed-core-8.5.6.jar:8.5.6]
	at org.apache.coyote.AbstractProtocol.start(AbstractProtocol.java:590) ~[tomcat-embed-core-8.5.6.jar:8.5.6]
	at org.apache.catalina.connector.Connector.startInternal(Connector.java:969) [tomcat-embed-core-8.5.6.jar:8.5.6]
	at org.apache.catalina.util.LifecycleBase.start(LifecycleBase.java:150) [tomcat-embed-core-8.5.6.jar:8.5.6]
	at org.apache.catalina.core.StandardService.addConnector(StandardService.java:225) [tomcat-embed-core-8.5.6.jar:8.5.6]
	at org.springframework.boot.context.embedded.tomcat.TomcatEmbeddedServletContainer.addPreviouslyRemovedConnectors(TomcatEmbeddedServletContainer.java:233) [spring-boot-1.4.2.RELEASE.jar:1.4.2.RELEASE]
	at org.springframework.boot.context.embedded.tomcat.TomcatEmbeddedServletContainer.start(TomcatEmbeddedServletContainer.java:178) [spring-boot-1.4.2.RELEASE.jar:1.4.2.RELEASE]
	at org.springframework.boot.context.embedded.EmbeddedWebApplicationContext.startEmbeddedServletContainer(EmbeddedWebApplicationContext.java:297) [spring-boot-1.4.2.RELEASE.jar:1.4.2.RELEASE]
	at org.springframework.boot.context.embedded.EmbeddedWebApplicationContext.finishRefresh(EmbeddedWebApplicationContext.java:145) [spring-boot-1.4.2.RELEASE.jar:1.4.2.RELEASE]
	at org.springframework.context.support.AbstractApplicationContext.refresh(AbstractApplicationContext.java:545) [spring-context-4.3.4.RELEASE.jar:4.3.4.RELEASE]
	at org.springframework.boot.context.embedded.EmbeddedWebApplicationContext.refresh(EmbeddedWebApplicationContext.java:122) [spring-boot-1.4.2.RELEASE.jar:1.4.2.RELEASE]
	at org.springframework.boot.SpringApplication.refresh(SpringApplication.java:761) [spring-boot-1.4.2.RELEASE.jar:1.4.2.RELEASE]
	at org.springframework.boot.SpringApplication.refreshContext(SpringApplication.java:371) [spring-boot-1.4.2.RELEASE.jar:1.4.2.RELEASE]
	at org.springframework.boot.SpringApplication.run(SpringApplication.java:315) [spring-boot-1.4.2.RELEASE.jar:1.4.2.RELEASE]
	at org.springframework.boot.SpringApplication.run(SpringApplication.java:1186) [spring-boot-1.4.2.RELEASE.jar:1.4.2.RELEASE]
	at org.springframework.boot.SpringApplication.run(SpringApplication.java:1175) [spring-boot-1.4.2.RELEASE.jar:1.4.2.RELEASE]
	at com.concord.rest.service.EmployeeRestApplication.main(EmployeeRestApplication.java:10) [bin/:na]

2016-11-29 15:07:54.105 ERROR 20124 --- [main] o.apache.catalina.core.StandardService   : Failed to start connector [Connector[HTTP/1.1-8080]]

org.apache.catalina.LifecycleException: Failed to start component [Connector[HTTP/1.1-8080]]
	at org.apache.catalina.util.LifecycleBase.start(LifecycleBase.java:167) ~[tomcat-embed-core-8.5.6.jar:8.5.6]
	at org.apache.catalina.core.StandardService.addConnector(StandardService.java:225) ~[tomcat-embed-core-8.5.6.jar:8.5.6]
	at org.springframework.boot.context.embedded.tomcat.TomcatEmbeddedServletContainer.addPreviouslyRemovedConnectors(TomcatEmbeddedServletContainer.java:233) [spring-boot-1.4.2.RELEASE.jar:1.4.2.RELEASE]
	at org.springframework.boot.context.embedded.tomcat.TomcatEmbeddedServletContainer.start(TomcatEmbeddedServletContainer.java:178) [spring-boot-1.4.2.RELEASE.jar:1.4.2.RELEASE]
	at org.springframework.boot.context.embedded.EmbeddedWebApplicationContext.startEmbeddedServletContainer(EmbeddedWebApplicationContext.java:297) [spring-boot-1.4.2.RELEASE.jar:1.4.2.RELEASE]
	at org.springframework.boot.context.embedded.EmbeddedWebApplicationContext.finishRefresh(EmbeddedWebApplicationContext.java:145) [spring-boot-1.4.2.RELEASE.jar:1.4.2.RELEASE]
	at org.springframework.context.support.AbstractApplicationContext.refresh(AbstractApplicationContext.java:545) [spring-context-4.3.4.RELEASE.jar:4.3.4.RELEASE]
	at org.springframework.boot.context.embedded.EmbeddedWebApplicationContext.refresh(EmbeddedWebApplicationContext.java:122) [spring-boot-1.4.2.RELEASE.jar:1.4.2.RELEASE]
	at org.springframework.boot.SpringApplication.refresh(SpringApplication.java:761) [spring-boot-1.4.2.RELEASE.jar:1.4.2.RELEASE]
	at org.springframework.boot.SpringApplication.refreshContext(SpringApplication.java:371) [spring-boot-1.4.2.RELEASE.jar:1.4.2.RELEASE]
	at org.springframework.boot.SpringApplication.run(SpringApplication.java:315) [spring-boot-1.4.2.RELEASE.jar:1.4.2.RELEASE]
	at org.springframework.boot.SpringApplication.run(SpringApplication.java:1186) [spring-boot-1.4.2.RELEASE.jar:1.4.2.RELEASE]
	at org.springframework.boot.SpringApplication.run(SpringApplication.java:1175) [spring-boot-1.4.2.RELEASE.jar:1.4.2.RELEASE]
	at com.concord.rest.service.EmployeeRestApplication.main(EmployeeRestApplication.java:10) [bin/:na]
Caused by: org.apache.catalina.LifecycleException: service.getName(): "Tomcat";  Protocol handler start failed
	at org.apache.catalina.connector.Connector.startInternal(Connector.java:976) ~[tomcat-embed-core-8.5.6.jar:8.5.6]
	at org.apache.catalina.util.LifecycleBase.start(LifecycleBase.java:150) ~[tomcat-embed-core-8.5.6.jar:8.5.6]
	... 13 common frames omitted
Caused by: java.net.BindException: Address already in use
	at sun.nio.ch.Net.bind0(Native Method) ~[na:1.8.0_112]
	at sun.nio.ch.Net.bind(Net.java:433) ~[na:1.8.0_112]
	at sun.nio.ch.Net.bind(Net.java:425) ~[na:1.8.0_112]
	at sun.nio.ch.ServerSocketChannelImpl.bind(ServerSocketChannelImpl.java:223) ~[na:1.8.0_112]
	at sun.nio.ch.ServerSocketAdaptor.bind(ServerSocketAdaptor.java:74) ~[na:1.8.0_112]
	at org.apache.tomcat.util.net.NioEndpoint.bind(NioEndpoint.java:228) ~[tomcat-embed-core-8.5.6.jar:8.5.6]
	at org.apache.tomcat.util.net.AbstractEndpoint.start(AbstractEndpoint.java:874) ~[tomcat-embed-core-8.5.6.jar:8.5.6]
	at org.apache.coyote.AbstractProtocol.start(AbstractProtocol.java:590) ~[tomcat-embed-core-8.5.6.jar:8.5.6]
	at org.apache.catalina.connector.Connector.startInternal(Connector.java:969) ~[tomcat-embed-core-8.5.6.jar:8.5.6]
	... 14 common frames omitted

2016-11-29 15:07:54.129  INFO 20124 --- [main] o.apache.catalina.core.StandardService   : Stopping service Tomcat
2016-11-29 15:07:54.160  INFO 20124 --- [main] utoConfigurationReportLoggingInitializer : 

Error starting ApplicationContext. To display the auto-configuration report re-run your application with 'debug' enabled.
2016-11-29 15:07:54.163 ERROR 20124 --- [main] o.s.b.d.LoggingFailureAnalysisReporter   : 

***************************
APPLICATION FAILED TO START
***************************

Description:

The Tomcat connector configured to listen on port 8080 failed to start. The port may already be in use or the connector may be misconfigured.

Action:

Verify the connector's configuration, identify and stop any process that's listening on port 8080, or configure this application to listen on another port.

2016-11-29 15:07:54.177  INFO 20124 --- [main] ationConfigEmbeddedWebApplicationContext : Closing org.springframework.boot.context.embedded.AnnotationConfigEmbeddedWebApplicationContext@3c9754d8: startup date [Tue Nov 29 15:07:51 CST 2016]; root of context hierarchy
2016-11-29 15:07:54.178  INFO 20124 --- [main] o.s.j.e.a.AnnotationMBeanExporter        : Unregistering JMX-exposed beans on shutdown
2016-11-29 15:09:52.814  INFO 20142 --- [main] c.c.r.service.EmployeeRestApplication    : Starting EmployeeRestApplication on Prashants-iMac.local with PID 20142 (/Users/Anisha/git/rest/EmployeeRest/bin started by Anisha in /Users/Anisha/git/rest/EmployeeRest)
2016-11-29 15:09:52.816  INFO 20142 --- [main] c.c.r.service.EmployeeRestApplication    : No active profile set, falling back to default profiles: default
2016-11-29 15:09:52.856  INFO 20142 --- [main] ationConfigEmbeddedWebApplicationContext : Refreshing org.springframework.boot.context.embedded.AnnotationConfigEmbeddedWebApplicationContext@3c9754d8: startup date [Tue Nov 29 15:09:52 CST 2016]; root of context hierarchy
2016-11-29 15:09:53.493  INFO 20142 --- [main] f.a.AutowiredAnnotationBeanPostProcessor : JSR-330 'javax.inject.Inject' annotation found and supported for autowiring
2016-11-29 15:09:53.865  INFO 20142 --- [main] s.b.c.e.t.TomcatEmbeddedServletContainer : Tomcat initialized with port(s): 8080 (http)
2016-11-29 15:09:53.878  INFO 20142 --- [main] o.apache.catalina.core.StandardService   : Starting service Tomcat
2016-11-29 15:09:53.878  INFO 20142 --- [main] org.apache.catalina.core.StandardEngine  : Starting Servlet Engine: Apache Tomcat/8.5.6
2016-11-29 15:09:54.162  INFO 20142 --- [localhost-startStop-1] org.apache.jasper.servlet.TldScanner     : At least one JAR was scanned for TLDs yet contained no TLDs. Enable debug logging for this logger for a complete list of JARs that were scanned but no TLDs were found in them. Skipping unneeded JARs during scanning can improve startup time and JSP compilation time.
2016-11-29 15:09:54.166  INFO 20142 --- [localhost-startStop-1] o.a.c.c.C.[Tomcat].[localhost].[/]       : Initializing Spring embedded WebApplicationContext
2016-11-29 15:09:54.166  INFO 20142 --- [localhost-startStop-1] o.s.web.context.ContextLoader            : Root WebApplicationContext: initialization completed in 1312 ms
2016-11-29 15:09:54.300  INFO 20142 --- [localhost-startStop-1] o.s.b.w.servlet.ServletRegistrationBean  : Mapping servlet: 'dispatcherServlet' to [/]
2016-11-29 15:09:54.309  INFO 20142 --- [localhost-startStop-1] o.s.b.w.servlet.FilterRegistrationBean   : Mapping filter: 'characterEncodingFilter' to: [/*]
2016-11-29 15:09:54.310  INFO 20142 --- [localhost-startStop-1] o.s.b.w.servlet.FilterRegistrationBean   : Mapping filter: 'hiddenHttpMethodFilter' to: [/*]
2016-11-29 15:09:54.311  INFO 20142 --- [localhost-startStop-1] o.s.b.w.servlet.FilterRegistrationBean   : Mapping filter: 'httpPutFormContentFilter' to: [/*]
2016-11-29 15:09:54.311  INFO 20142 --- [localhost-startStop-1] o.s.b.w.servlet.FilterRegistrationBean   : Mapping filter: 'requestContextFilter' to: [/*]
2016-11-29 15:09:54.571  INFO 20142 --- [main] s.w.s.m.m.a.RequestMappingHandlerAdapter : Looking for @ControllerAdvice: org.springframework.boot.context.embedded.AnnotationConfigEmbeddedWebApplicationContext@3c9754d8: startup date [Tue Nov 29 15:09:52 CST 2016]; root of context hierarchy
2016-11-29 15:09:54.616  INFO 20142 --- [main] s.w.s.m.m.a.RequestMappingHandlerMapping : Mapped "{[/error]}" onto public org.springframework.http.ResponseEntity<java.util.Map<java.lang.String, java.lang.Object>> org.springframework.boot.autoconfigure.web.BasicErrorController.error(javax.servlet.http.HttpServletRequest)
2016-11-29 15:09:54.617  INFO 20142 --- [main] s.w.s.m.m.a.RequestMappingHandlerMapping : Mapped "{[/error],produces=[text/html]}" onto public org.springframework.web.servlet.ModelAndView org.springframework.boot.autoconfigure.web.BasicErrorController.errorHtml(javax.servlet.http.HttpServletRequest,javax.servlet.http.HttpServletResponse)
2016-11-29 15:09:54.655  INFO 20142 --- [main] o.s.w.s.handler.SimpleUrlHandlerMapping  : Mapped URL path [/webjars/**] onto handler of type [class org.springframework.web.servlet.resource.ResourceHttpRequestHandler]
2016-11-29 15:09:54.656  INFO 20142 --- [main] o.s.w.s.handler.SimpleUrlHandlerMapping  : Mapped URL path [/**] onto handler of type [class org.springframework.web.servlet.resource.ResourceHttpRequestHandler]
2016-11-29 15:09:54.691  INFO 20142 --- [main] o.s.w.s.handler.SimpleUrlHandlerMapping  : Mapped URL path [/**/favicon.ico] onto handler of type [class org.springframework.web.servlet.resource.ResourceHttpRequestHandler]
2016-11-29 15:09:54.845  INFO 20142 --- [main] o.s.j.e.a.AnnotationMBeanExporter        : Registering beans for JMX exposure on startup
2016-11-29 15:09:54.910  INFO 20142 --- [main] s.b.c.e.t.TomcatEmbeddedServletContainer : Tomcat started on port(s): 8080 (http)
2016-11-29 15:09:54.914  INFO 20142 --- [main] c.c.r.service.EmployeeRestApplication    : Started EmployeeRestApplication in 12.526 seconds (JVM running for 22.958)
2016-11-29 15:10:12.069  INFO 20142 --- [http-nio-8080-exec-1] o.a.c.c.C.[Tomcat].[localhost].[/]       : Initializing Spring FrameworkServlet 'dispatcherServlet'
2016-11-29 15:10:12.069  INFO 20142 --- [http-nio-8080-exec-1] o.s.web.servlet.DispatcherServlet        : FrameworkServlet 'dispatcherServlet': initialization started
2016-11-29 15:10:12.088  INFO 20142 --- [http-nio-8080-exec-1] o.s.web.servlet.DispatcherServlet        : FrameworkServlet 'dispatcherServlet': initialization completed in 19 ms
2016-11-29 15:11:10.935  INFO 20142 --- [RMI TCP Connection(11)-192.168.1.28] inMXBeanRegistrar$SpringApplicationAdmin : Application shutdown requested.
2016-11-29 15:11:10.935  INFO 20142 --- [RMI TCP Connection(11)-192.168.1.28] ationConfigEmbeddedWebApplicationContext : Closing org.springframework.boot.context.embedded.AnnotationConfigEmbeddedWebApplicationContext@3c9754d8: startup date [Tue Nov 29 15:09:52 CST 2016]; root of context hierarchy
2016-11-29 15:11:10.937  INFO 20142 --- [RMI TCP Connection(11)-192.168.1.28] o.s.j.e.a.AnnotationMBeanExporter        : Unregistering JMX-exposed beans on shutdown
2016-11-29 15:11:32.449  INFO 20167 --- [main] c.c.r.service.EmployeeRestApplication    : Starting EmployeeRestApplication on Prashants-iMac.local with PID 20167 (/Users/Anisha/git/rest/EmployeeRest/bin started by Anisha in /Users/Anisha/git/rest/EmployeeRest)
2016-11-29 15:11:32.451  INFO 20167 --- [main] c.c.r.service.EmployeeRestApplication    : No active profile set, falling back to default profiles: default
2016-11-29 15:11:32.485  INFO 20167 --- [main] ationConfigEmbeddedWebApplicationContext : Refreshing org.springframework.boot.context.embedded.AnnotationConfigEmbeddedWebApplicationContext@3c9754d8: startup date [Tue Nov 29 15:11:32 CST 2016]; root of context hierarchy
2016-11-29 15:11:33.067  INFO 20167 --- [main] f.a.AutowiredAnnotationBeanPostProcessor : JSR-330 'javax.inject.Inject' annotation found and supported for autowiring
2016-11-29 15:11:33.403  INFO 20167 --- [main] s.b.c.e.t.TomcatEmbeddedServletContainer : Tomcat initialized with port(s): 8080 (http)
2016-11-29 15:11:33.414  INFO 20167 --- [main] o.apache.catalina.core.StandardService   : Starting service Tomcat
2016-11-29 15:11:33.415  INFO 20167 --- [main] org.apache.catalina.core.StandardEngine  : Starting Servlet Engine: Apache Tomcat/8.5.6
2016-11-29 15:11:33.594  INFO 20167 --- [localhost-startStop-1] org.apache.jasper.servlet.TldScanner     : At least one JAR was scanned for TLDs yet contained no TLDs. Enable debug logging for this logger for a complete list of JARs that were scanned but no TLDs were found in them. Skipping unneeded JARs during scanning can improve startup time and JSP compilation time.
2016-11-29 15:11:33.597  INFO 20167 --- [localhost-startStop-1] o.a.c.c.C.[Tomcat].[localhost].[/]       : Initializing Spring embedded WebApplicationContext
2016-11-29 15:11:33.597  INFO 20167 --- [localhost-startStop-1] o.s.web.context.ContextLoader            : Root WebApplicationContext: initialization completed in 1114 ms
2016-11-29 15:11:33.703  INFO 20167 --- [localhost-startStop-1] o.s.b.w.servlet.ServletRegistrationBean  : Mapping servlet: 'dispatcherServlet' to [/]
2016-11-29 15:11:33.706  INFO 20167 --- [localhost-startStop-1] o.s.b.w.servlet.FilterRegistrationBean   : Mapping filter: 'characterEncodingFilter' to: [/*]
2016-11-29 15:11:33.707  INFO 20167 --- [localhost-startStop-1] o.s.b.w.servlet.FilterRegistrationBean   : Mapping filter: 'hiddenHttpMethodFilter' to: [/*]
2016-11-29 15:11:33.707  INFO 20167 --- [localhost-startStop-1] o.s.b.w.servlet.FilterRegistrationBean   : Mapping filter: 'httpPutFormContentFilter' to: [/*]
2016-11-29 15:11:33.707  INFO 20167 --- [localhost-startStop-1] o.s.b.w.servlet.FilterRegistrationBean   : Mapping filter: 'requestContextFilter' to: [/*]
2016-11-29 15:11:34.018  INFO 20167 --- [main] s.w.s.m.m.a.RequestMappingHandlerAdapter : Looking for @ControllerAdvice: org.springframework.boot.context.embedded.AnnotationConfigEmbeddedWebApplicationContext@3c9754d8: startup date [Tue Nov 29 15:11:32 CST 2016]; root of context hierarchy
2016-11-29 15:11:34.101  INFO 20167 --- [main] s.w.s.m.m.a.RequestMappingHandlerMapping : Mapped "{[/error]}" onto public org.springframework.http.ResponseEntity<java.util.Map<java.lang.String, java.lang.Object>> org.springframework.boot.autoconfigure.web.BasicErrorController.error(javax.servlet.http.HttpServletRequest)
2016-11-29 15:11:34.102  INFO 20167 --- [main] s.w.s.m.m.a.RequestMappingHandlerMapping : Mapped "{[/error],produces=[text/html]}" onto public org.springframework.web.servlet.ModelAndView org.springframework.boot.autoconfigure.web.BasicErrorController.errorHtml(javax.servlet.http.HttpServletRequest,javax.servlet.http.HttpServletResponse)
2016-11-29 15:11:34.135  INFO 20167 --- [main] o.s.w.s.handler.SimpleUrlHandlerMapping  : Mapped URL path [/webjars/**] onto handler of type [class org.springframework.web.servlet.resource.ResourceHttpRequestHandler]
2016-11-29 15:11:34.135  INFO 20167 --- [main] o.s.w.s.handler.SimpleUrlHandlerMapping  : Mapped URL path [/**] onto handler of type [class org.springframework.web.servlet.resource.ResourceHttpRequestHandler]
2016-11-29 15:11:34.191  INFO 20167 --- [main] o.s.w.s.handler.SimpleUrlHandlerMapping  : Mapped URL path [/**/favicon.ico] onto handler of type [class org.springframework.web.servlet.resource.ResourceHttpRequestHandler]
2016-11-29 15:11:34.366  INFO 20167 --- [main] o.s.j.e.a.AnnotationMBeanExporter        : Registering beans for JMX exposure on startup
2016-11-29 15:11:34.424  INFO 20167 --- [main] s.b.c.e.t.TomcatEmbeddedServletContainer : Tomcat started on port(s): 8080 (http)
2016-11-29 15:11:34.428  INFO 20167 --- [main] c.c.r.service.EmployeeRestApplication    : Started EmployeeRestApplication in 12.374 seconds (JVM running for 22.834)
2016-11-29 15:11:57.080  INFO 20167 --- [http-nio-8080-exec-1] o.a.c.c.C.[Tomcat].[localhost].[/]       : Initializing Spring FrameworkServlet 'dispatcherServlet'
2016-11-29 15:11:57.080  INFO 20167 --- [http-nio-8080-exec-1] o.s.web.servlet.DispatcherServlet        : FrameworkServlet 'dispatcherServlet': initialization started
2016-11-29 15:11:57.091  INFO 20167 --- [http-nio-8080-exec-1] o.s.web.servlet.DispatcherServlet        : FrameworkServlet 'dispatcherServlet': initialization completed in 11 ms
2016-11-29 15:17:56.818  INFO 20167 --- [RMI TCP Connection(16)-192.168.1.28] inMXBeanRegistrar$SpringApplicationAdmin : Application shutdown requested.
2016-11-29 15:17:56.819  INFO 20167 --- [RMI TCP Connection(16)-192.168.1.28] ationConfigEmbeddedWebApplicationContext : Closing org.springframework.boot.context.embedded.AnnotationConfigEmbeddedWebApplicationContext@3c9754d8: startup date [Tue Nov 29 15:11:32 CST 2016]; root of context hierarchy
2016-11-29 15:17:56.820  INFO 20167 --- [RMI TCP Connection(16)-192.168.1.28] o.s.j.e.a.AnnotationMBeanExporter        : Unregistering JMX-exposed beans on shutdown
2016-11-29 15:18:19.420  INFO 20229 --- [main] c.c.r.service.EmployeeRestApplication    : Starting EmployeeRestApplication on Prashants-iMac.local with PID 20229 (/Users/Anisha/git/rest/EmployeeRest/bin started by Anisha in /Users/Anisha/git/rest/EmployeeRest)
2016-11-29 15:18:19.422  INFO 20229 --- [main] c.c.r.service.EmployeeRestApplication    : No active profile set, falling back to default profiles: default
2016-11-29 15:18:19.454  INFO 20229 --- [main] ationConfigEmbeddedWebApplicationContext : Refreshing org.springframework.boot.context.embedded.AnnotationConfigEmbeddedWebApplicationContext@7c6908d7: startup date [Tue Nov 29 15:18:19 CST 2016]; root of context hierarchy
2016-11-29 15:18:19.999  INFO 20229 --- [main] f.a.AutowiredAnnotationBeanPostProcessor : JSR-330 'javax.inject.Inject' annotation found and supported for autowiring
2016-11-29 15:18:20.324  INFO 20229 --- [main] s.b.c.e.t.TomcatEmbeddedServletContainer : Tomcat initialized with port(s): 8080 (http)
2016-11-29 15:18:20.336  INFO 20229 --- [main] o.apache.catalina.core.StandardService   : Starting service Tomcat
2016-11-29 15:18:20.336  INFO 20229 --- [main] org.apache.catalina.core.StandardEngine  : Starting Servlet Engine: Apache Tomcat/8.5.6
2016-11-29 15:18:20.531  INFO 20229 --- [localhost-startStop-1] org.apache.jasper.servlet.TldScanner     : At least one JAR was scanned for TLDs yet contained no TLDs. Enable debug logging for this logger for a complete list of JARs that were scanned but no TLDs were found in them. Skipping unneeded JARs during scanning can improve startup time and JSP compilation time.
2016-11-29 15:18:20.535  INFO 20229 --- [localhost-startStop-1] o.a.c.c.C.[Tomcat].[localhost].[/]       : Initializing Spring embedded WebApplicationContext
2016-11-29 15:18:20.535  INFO 20229 --- [localhost-startStop-1] o.s.web.context.ContextLoader            : Root WebApplicationContext: initialization completed in 1083 ms
2016-11-29 15:18:20.680  INFO 20229 --- [localhost-startStop-1] o.s.b.w.servlet.ServletRegistrationBean  : Mapping servlet: 'dispatcherServlet' to [/]
2016-11-29 15:18:20.683  INFO 20229 --- [localhost-startStop-1] o.s.b.w.servlet.FilterRegistrationBean   : Mapping filter: 'characterEncodingFilter' to: [/*]
2016-11-29 15:18:20.684  INFO 20229 --- [localhost-startStop-1] o.s.b.w.servlet.FilterRegistrationBean   : Mapping filter: 'hiddenHttpMethodFilter' to: [/*]
2016-11-29 15:18:20.684  INFO 20229 --- [localhost-startStop-1] o.s.b.w.servlet.FilterRegistrationBean   : Mapping filter: 'httpPutFormContentFilter' to: [/*]
2016-11-29 15:18:20.684  INFO 20229 --- [localhost-startStop-1] o.s.b.w.servlet.FilterRegistrationBean   : Mapping filter: 'requestContextFilter' to: [/*]
2016-11-29 15:18:20.887  INFO 20229 --- [main] s.w.s.m.m.a.RequestMappingHandlerAdapter : Looking for @ControllerAdvice: org.springframework.boot.context.embedded.AnnotationConfigEmbeddedWebApplicationContext@7c6908d7: startup date [Tue Nov 29 15:18:19 CST 2016]; root of context hierarchy
2016-11-29 15:18:20.931  INFO 20229 --- [main] s.w.s.m.m.a.RequestMappingHandlerMapping : Mapped "{[/error]}" onto public org.springframework.http.ResponseEntity<java.util.Map<java.lang.String, java.lang.Object>> org.springframework.boot.autoconfigure.web.BasicErrorController.error(javax.servlet.http.HttpServletRequest)
2016-11-29 15:18:20.931  INFO 20229 --- [main] s.w.s.m.m.a.RequestMappingHandlerMapping : Mapped "{[/error],produces=[text/html]}" onto public org.springframework.web.servlet.ModelAndView org.springframework.boot.autoconfigure.web.BasicErrorController.errorHtml(javax.servlet.http.HttpServletRequest,javax.servlet.http.HttpServletResponse)
2016-11-29 15:18:20.952  INFO 20229 --- [main] o.s.w.s.handler.SimpleUrlHandlerMapping  : Mapped URL path [/webjars/**] onto handler of type [class org.springframework.web.servlet.resource.ResourceHttpRequestHandler]
2016-11-29 15:18:20.952  INFO 20229 --- [main] o.s.w.s.handler.SimpleUrlHandlerMapping  : Mapped URL path [/**] onto handler of type [class org.springframework.web.servlet.resource.ResourceHttpRequestHandler]
2016-11-29 15:18:20.979  INFO 20229 --- [main] o.s.w.s.handler.SimpleUrlHandlerMapping  : Mapped URL path [/**/favicon.ico] onto handler of type [class org.springframework.web.servlet.resource.ResourceHttpRequestHandler]
2016-11-29 15:18:21.105  INFO 20229 --- [main] o.s.j.e.a.AnnotationMBeanExporter        : Registering beans for JMX exposure on startup
2016-11-29 15:18:21.164  INFO 20229 --- [main] s.b.c.e.t.TomcatEmbeddedServletContainer : Tomcat started on port(s): 8080 (http)
2016-11-29 15:18:21.167  INFO 20229 --- [main] c.c.r.service.EmployeeRestApplication    : Started EmployeeRestApplication in 12.099 seconds (JVM running for 23.082)
2016-11-29 15:18:53.281  INFO 20229 --- [http-nio-8080-exec-1] o.a.c.c.C.[Tomcat].[localhost].[/]       : Initializing Spring FrameworkServlet 'dispatcherServlet'
2016-11-29 15:18:53.302  INFO 20229 --- [http-nio-8080-exec-1] o.s.web.servlet.DispatcherServlet        : FrameworkServlet 'dispatcherServlet': initialization started
2016-11-29 15:18:53.313  INFO 20229 --- [http-nio-8080-exec-1] o.s.web.servlet.DispatcherServlet        : FrameworkServlet 'dispatcherServlet': initialization completed in 11 ms
2016-11-29 15:19:32.447  INFO 20229 --- [RMI TCP Connection(9)-192.168.1.28] inMXBeanRegistrar$SpringApplicationAdmin : Application shutdown requested.
2016-11-29 15:19:32.526  INFO 20229 --- [RMI TCP Connection(9)-192.168.1.28] ationConfigEmbeddedWebApplicationContext : Closing org.springframework.boot.context.embedded.AnnotationConfigEmbeddedWebApplicationContext@7c6908d7: startup date [Tue Nov 29 15:18:19 CST 2016]; root of context hierarchy
2016-11-29 15:19:32.527  INFO 20229 --- [RMI TCP Connection(9)-192.168.1.28] o.s.j.e.a.AnnotationMBeanExporter        : Unregistering JMX-exposed beans on shutdown
